#Start(1619784495485)

  We've found a bug for you!
  /Users/pontusnagy/Dev/Repo/Private/rescript-nextjs-template/src/[id].res:9:9-11
  
   7 │ }
   8 │ 
   9 │ let a = "2" + 7
  10 │ 
  11 │ type params = {id: string}
  
  This has type: string
  Somewhere wanted: int
  
  You can convert string to int with Belt.Int.fromString.
  

  Warning number 37
  /Users/pontusnagy/Dev/Repo/Private/rescript-nextjs-template/src/bindings/Typeline.res:17:3-21:51
  
  15 ┆ }
  16 ┆ 
  17 ┆ type rec t<'i, 'o> =
  18 ┆   | Id: t<'i, 'i>
  19 ┆   | Task(task<'i, 'o>): t<'i, 'o>
  20 ┆   | Seq(t<'i, 'o2>, t<'o2, 'o>): t<'i, 'o>
  21 ┆   | Fork(t<'i, 'o>, t<'i, 'o2>): t<'i, ('o, 'o2)>
  22 ┆ 
  23 ┆ let task = (~name, fn) => Task({name: name, fn: fn})
  
  constructor Id is never used to build values.
(However, this constructor appears in patterns.)
  
#Done(1619784495513)
